<?xml version="1.0" encoding="UTF-8"?>
<!-- Generated by org.testng.reporters.JUnitXMLReporter -->
<testsuite hostname="DESKTOP-KFO17RS" ignored="0" name="Command line test" tests="6" failures="0" timestamp="2020-03-31T09:51:10 PDT" time="0.237" errors="0">
  <testcase name="exampleInB" time="0.065" classname="com.ip.demo.DayTest"/>
  <testcase name="countsLowercaseLetterExample" time="0.066" classname="com.ip.demo.StringExercisesTest"/>
  <testcase name="findsMostLowercaseString" time="0.009" classname="com.ip.demo.StringExercisesTest"/>
  <testcase name="noLowercaseLettersInAnEmptyString" time="0.001" classname="com.ip.demo.StringExercisesTest"/>
  <testcase name="noStringReturnedForEmptyList" time="0.001" classname="com.ip.demo.StringExercisesTest"/>
  <testcase name="suppoertsNoLowercaseLetters" time="0.001" classname="com.ip.demo.StringExercisesTest"/>
</testsuite> <!-- Command line test -->
