<?xml version="1.0" encoding="UTF-8"?>
<testng-results skipped="0" failed="0" ignored="0" total="6" passed="6">
  <reporter-output>
  </reporter-output>
  <suite name="Command line suite" duration-ms="237" started-at="2020-03-31T09:51:10 PDT" finished-at="2020-03-31T09:51:10 PDT">
    <groups>
    </groups>
    <test name="Command line test" duration-ms="237" started-at="2020-03-31T09:51:10 PDT" finished-at="2020-03-31T09:51:10 PDT">
      <class name="com.ip.demo.StringExercisesTest">
        <test-method status="PASS" signature="countsLowercaseLetterExample()[pri:0, instance:com.ip.demo.StringExercisesTest@6a41eaa2]" name="countsLowercaseLetterExample" duration-ms="66" started-at="2020-03-31T09:51:10 PDT" finished-at="2020-03-31T09:51:10 PDT">
          <reporter-output>
          </reporter-output>
        </test-method> <!-- countsLowercaseLetterExample -->
        <test-method status="PASS" signature="findsMostLowercaseString()[pri:0, instance:com.ip.demo.StringExercisesTest@6a41eaa2]" name="findsMostLowercaseString" duration-ms="9" started-at="2020-03-31T09:51:10 PDT" finished-at="2020-03-31T09:51:10 PDT">
          <reporter-output>
          </reporter-output>
        </test-method> <!-- findsMostLowercaseString -->
        <test-method status="PASS" signature="noLowercaseLettersInAnEmptyString()[pri:0, instance:com.ip.demo.StringExercisesTest@6a41eaa2]" name="noLowercaseLettersInAnEmptyString" duration-ms="1" started-at="2020-03-31T09:51:10 PDT" finished-at="2020-03-31T09:51:10 PDT">
          <reporter-output>
          </reporter-output>
        </test-method> <!-- noLowercaseLettersInAnEmptyString -->
        <test-method status="PASS" signature="noStringReturnedForEmptyList()[pri:0, instance:com.ip.demo.StringExercisesTest@6a41eaa2]" name="noStringReturnedForEmptyList" duration-ms="1" started-at="2020-03-31T09:51:10 PDT" finished-at="2020-03-31T09:51:10 PDT">
          <reporter-output>
          </reporter-output>
        </test-method> <!-- noStringReturnedForEmptyList -->
        <test-method status="PASS" signature="suppoertsNoLowercaseLetters()[pri:0, instance:com.ip.demo.StringExercisesTest@6a41eaa2]" name="suppoertsNoLowercaseLetters" duration-ms="1" started-at="2020-03-31T09:51:10 PDT" finished-at="2020-03-31T09:51:10 PDT">
          <reporter-output>
          </reporter-output>
        </test-method> <!-- suppoertsNoLowercaseLetters -->
      </class> <!-- com.ip.demo.StringExercisesTest -->
      <class name="com.ip.demo.DayTest">
        <test-method status="PASS" signature="exampleInB()[pri:0, instance:com.ip.demo.DayTest@685cb137]" name="exampleInB" duration-ms="65" started-at="2020-03-31T09:51:10 PDT" finished-at="2020-03-31T09:51:10 PDT">
          <reporter-output>
          </reporter-output>
        </test-method> <!-- exampleInB -->
      </class> <!-- com.ip.demo.DayTest -->
    </test> <!-- Command line test -->
  </suite> <!-- Command line suite -->
</testng-results>
